<?xml version="1.0" encoding="UTF-8"?>
<testng-results ignored="0" total="1" passed="1" failed="0" skipped="0">
  <reporter-output>
  </reporter-output>
  <suite started-at="2021-08-23T12:52:02 IST" name="Default suite" finished-at="2021-08-23T12:52:07 IST" duration-ms="5094">
    <groups>
    </groups>
    <test started-at="2021-08-23T12:52:02 IST" name="Default test" finished-at="2021-08-23T12:52:07 IST" duration-ms="5094">
      <class name="Test_POST">
        <test-method signature="test_2_put()[pri:0, instance:Test_POST@65d6b83b]" started-at="2021-08-23T12:52:02 IST" name="test_2_put" finished-at="2021-08-23T12:52:07 IST" duration-ms="5009" status="PASS">
          <reporter-output>
          </reporter-output>
        </test-method> <!-- test_2_put -->
      </class> <!-- Test_POST -->
    </test> <!-- Default test -->
  </suite> <!-- Default suite -->
</testng-results>
