<?xml version="1.0" encoding="UTF-8"?>
<testng-results ignored="0" total="2" passed="2" failed="0" skipped="0">
  <reporter-output>
  </reporter-output>
  <suite started-at="2021-08-27T13:00:31 IST" name="Default suite" finished-at="2021-08-27T13:00:31 IST" duration-ms="90">
    <groups>
    </groups>
    <test started-at="2021-08-27T13:00:31 IST" name="Default test" finished-at="2021-08-27T13:00:31 IST" duration-ms="90">
      <class name="StepDefinitions.Generate_Report">
        <test-method signature="generate_the_report()[pri:0, instance:StepDefinitions.Generate_Report@4b5a5ed1]" started-at="2021-08-27T13:00:31 IST" name="generate_the_report" finished-at="2021-08-27T13:00:31 IST" duration-ms="13" status="PASS">
          <reporter-output>
          </reporter-output>
        </test-method> <!-- generate_the_report -->
        <test-method signature="set_http_path()[pri:0, instance:StepDefinitions.Generate_Report@4b5a5ed1]" started-at="2021-08-27T13:00:31 IST" name="set_http_path" finished-at="2021-08-27T13:00:31 IST" duration-ms="2" status="PASS">
          <reporter-output>
          </reporter-output>
        </test-method> <!-- set_http_path -->
      </class> <!-- StepDefinitions.Generate_Report -->
    </test> <!-- Default test -->
  </suite> <!-- Default suite -->
</testng-results>
