<?xml version="1.0" encoding="UTF-8"?>
<!-- Generated by org.testng.reporters.JUnitXMLReporter -->
<testsuite ignored="0" hostname="sonujaiswal" failures="0" tests="3" name="Default test" time="18.807" errors="0" timestamp="2021-08-25T17:28:50 IST">
  <testcase classname="Demo.Data_Provider" name="test" time="0.431"/>
  <testcase classname="Demo.Data_Provider" name="test" time="0.395"/>
  <testcase classname="Demo.Data_Provider" name="test" time="0.391"/>
</testsuite> <!-- Default test -->
