<?xml version="1.0" encoding="UTF-8"?>
<testng-results ignored="0" total="3" passed="3" failed="0" skipped="0">
  <reporter-output>
  </reporter-output>
  <suite started-at="2021-08-25T17:28:31 IST" name="Default suite" finished-at="2021-08-25T17:28:49 IST" duration-ms="18807">
    <groups>
    </groups>
    <test started-at="2021-08-25T17:28:31 IST" name="Default test" finished-at="2021-08-25T17:28:49 IST" duration-ms="18807">
      <class name="Demo.Data_Provider">
        <test-method is-config="true" signature="setUp()[pri:0, instance:Demo.Data_Provider@48fa0f47]" started-at="2021-08-25T17:28:31 IST" name="setUp" finished-at="2021-08-25T17:28:37 IST" duration-ms="6235" status="PASS">
          <reporter-output>
          </reporter-output>
        </test-method> <!-- setUp -->
        <test-method signature="test(java.lang.String, java.lang.String)[pri:0, instance:Demo.Data_Provider@48fa0f47]" started-at="2021-08-25T17:28:37 IST" name="test" data-provider="TestData" finished-at="2021-08-25T17:28:37 IST" duration-ms="431" status="PASS">
          <params>
            <param index="0">
              <value>
                <![CDATA[user1]]>
              </value>
            </param>
            <param index="1">
              <value>
                <![CDATA[password1]]>
              </value>
            </param>
          </params>
          <reporter-output>
          </reporter-output>
        </test-method> <!-- test -->
        <test-method is-config="true" signature="tearDown()[pri:0, instance:Demo.Data_Provider@48fa0f47]" started-at="2021-08-25T17:28:37 IST" name="tearDown" finished-at="2021-08-25T17:28:38 IST" duration-ms="150" status="PASS">
          <reporter-output>
          </reporter-output>
        </test-method> <!-- tearDown -->
        <test-method is-config="true" signature="setUp()[pri:0, instance:Demo.Data_Provider@48fa0f47]" started-at="2021-08-25T17:28:38 IST" name="setUp" finished-at="2021-08-25T17:28:43 IST" duration-ms="5316" status="PASS">
          <reporter-output>
          </reporter-output>
        </test-method> <!-- setUp -->
        <test-method signature="test(java.lang.String, java.lang.String)[pri:0, instance:Demo.Data_Provider@48fa0f47]" started-at="2021-08-25T17:28:43 IST" name="test" data-provider="TestData" finished-at="2021-08-25T17:28:43 IST" duration-ms="395" status="PASS">
          <params>
            <param index="0">
              <value>
                <![CDATA[user2]]>
              </value>
            </param>
            <param index="1">
              <value>
                <![CDATA[password2]]>
              </value>
            </param>
          </params>
          <reporter-output>
          </reporter-output>
        </test-method> <!-- test -->
        <test-method is-config="true" signature="tearDown()[pri:0, instance:Demo.Data_Provider@48fa0f47]" started-at="2021-08-25T17:28:43 IST" name="tearDown" finished-at="2021-08-25T17:28:44 IST" duration-ms="456" status="PASS">
          <reporter-output>
          </reporter-output>
        </test-method> <!-- tearDown -->
        <test-method is-config="true" signature="setUp()[pri:0, instance:Demo.Data_Provider@48fa0f47]" started-at="2021-08-25T17:28:44 IST" name="setUp" finished-at="2021-08-25T17:28:49 IST" duration-ms="5221" status="PASS">
          <reporter-output>
          </reporter-output>
        </test-method> <!-- setUp -->
        <test-method signature="test(java.lang.String, java.lang.String)[pri:0, instance:Demo.Data_Provider@48fa0f47]" started-at="2021-08-25T17:28:49 IST" name="test" data-provider="TestData" finished-at="2021-08-25T17:28:49 IST" duration-ms="391" status="PASS">
          <params>
            <param index="0">
              <value>
                <![CDATA[user3]]>
              </value>
            </param>
            <param index="1">
              <value>
                <![CDATA[password3]]>
              </value>
            </param>
          </params>
          <reporter-output>
          </reporter-output>
        </test-method> <!-- test -->
        <test-method is-config="true" signature="tearDown()[pri:0, instance:Demo.Data_Provider@48fa0f47]" started-at="2021-08-25T17:28:49 IST" name="tearDown" finished-at="2021-08-25T17:28:49 IST" duration-ms="136" status="PASS">
          <reporter-output>
          </reporter-output>
        </test-method> <!-- tearDown -->
      </class> <!-- Demo.Data_Provider -->
    </test> <!-- Default test -->
  </suite> <!-- Default suite -->
</testng-results>
